0 info it worked if it ends with ok
1 verbose cli [ '/home/guest/bin/nodejs/bin/node',
1 verbose cli   '/home/guest/bin/nodejs/bin/npm',
1 verbose cli   'install',
1 verbose cli   '--global',
1 verbose cli   'generator-node' ]
2 info using npm@1.3.24
3 info using node@v0.10.25
4 error Error: EPERM, Operation not permitted
4 error     at /home/guest/bin/nodejs/lib/node_modules/npm/node_modules/uid-number/uid-number.js:44:16
4 error     at ChildProcess.exithandler (child_process.js:635:7)
4 error     at ChildProcess.EventEmitter.emit (events.js:98:17)
4 error     at maybeClose (child_process.js:743:16)
4 error     at Process.ChildProcess._handle.onexit (child_process.js:810:5)
5 error If you need help, you may report this *entire* log,
5 error including the npm and node versions, at:
5 error     <http://github.com/isaacs/npm/issues>
6 error System Linux 3.2.0-126-generic-pae
7 error command "/home/guest/bin/nodejs/bin/node" "/home/guest/bin/nodejs/bin/npm" "install" "--global" "generator-node"
8 error cwd /home/guest/bin
9 error node -v v0.10.25
10 error npm -v 1.3.24
11 error code [ 'EPERM',
11 error code   'EPERM',
11 error code   index: 0,
11 error code   input: 'EPERM, Operation not permitted' ]
12 error errno 1
13 verbose exit [ 1, true ]
